This is pdfTeX, Version 3.14159265-2.6-1.40.19 (TeX Live 2018) (preloaded format=pdflatex 2019.2.8)  25 NOV 2019 23:44
entering extended mode
 restricted \write18 enabled.
 %&-line parsing enabled.
**empfänger.tex
(./empfänger.tex
LaTeX2e <2018-04-01> patch level 2
Babel <3.18> and hyphenation patterns for 84 language(s) loaded.
(/usr/local/texlive/2018/texmf-dist/tex/latex/base/article.cls
Document Class: article 2014/09/29 v1.4h Standard LaTeX document class
(/usr/local/texlive/2018/texmf-dist/tex/latex/base/size10.clo
File: size10.clo 2014/09/29 v1.4h Standard LaTeX file (size option)
)
\c@part=\count80
\c@section=\count81
\c@subsection=\count82
\c@subsubsection=\count83
\c@paragraph=\count84
\c@subparagraph=\count85
\c@figure=\count86
\c@table=\count87
\abovecaptionskip=\skip41
\belowcaptionskip=\skip42
\bibindent=\dimen102
)
(/usr/local/texlive/2018/texmf-dist/tex/latex/base/inputenc.sty
Package: inputenc 2018/04/06 v1.3b Input encoding file
\inpenc@prehook=\toks14
\inpenc@posthook=\toks15
)
(/usr/local/texlive/2018/texmf-dist/tex/latex/amsmath/amsmath.sty
Package: amsmath 2017/09/02 v2.17a AMS math features
\@mathmargin=\skip43

For additional information on amsmath, use the `?' option.
(/usr/local/texlive/2018/texmf-dist/tex/latex/amsmath/amstext.sty
Package: amstext 2000/06/29 v2.01 AMS text

(/usr/local/texlive/2018/texmf-dist/tex/latex/amsmath/amsgen.sty
File: amsgen.sty 1999/11/30 v2.0 generic functions
\@emptytoks=\toks16
\ex@=\dimen103
))
(/usr/local/texlive/2018/texmf-dist/tex/latex/amsmath/amsbsy.sty
Package: amsbsy 1999/11/29 v1.2d Bold Symbols
\pmbraise@=\dimen104
)
(/usr/local/texlive/2018/texmf-dist/tex/latex/amsmath/amsopn.sty
Package: amsopn 2016/03/08 v2.02 operator names
)
\inf@bad=\count88
LaTeX Info: Redefining \frac on input line 213.
\uproot@=\count89
\leftroot@=\count90
LaTeX Info: Redefining \overline on input line 375.
\classnum@=\count91
\DOTSCASE@=\count92
LaTeX Info: Redefining \ldots on input line 472.
LaTeX Info: Redefining \dots on input line 475.
LaTeX Info: Redefining \cdots on input line 596.
\Mathstrutbox@=\box26
\strutbox@=\box27
\big@size=\dimen105
LaTeX Font Info:    Redeclaring font encoding OML on input line 712.
LaTeX Font Info:    Redeclaring font encoding OMS on input line 713.
\macc@depth=\count93
\c@MaxMatrixCols=\count94
\dotsspace@=\muskip10
\c@parentequation=\count95
\dspbrk@lvl=\count96
\tag@help=\toks17
\row@=\count97
\column@=\count98
\maxfields@=\count99
\andhelp@=\toks18
\eqnshift@=\dimen106
\alignsep@=\dimen107
\tagshift@=\dimen108
\tagwidth@=\dimen109
\totwidth@=\dimen110
\lineht@=\dimen111
\@envbody=\toks19
\multlinegap=\skip44
\multlinetaggap=\skip45
\mathdisplay@stack=\toks20
LaTeX Info: Redefining \[ on input line 2817.
LaTeX Info: Redefining \] on input line 2818.
)
(/usr/local/texlive/2018/texmf-dist/tex/latex/amsfonts/amsfonts.sty
Package: amsfonts 2013/01/14 v3.01 Basic AMSFonts support
\symAMSa=\mathgroup4
\symAMSb=\mathgroup5
LaTeX Font Info:    Overwriting math alphabet `\mathfrak' in version `bold'
(Font)                  U/euf/m/n --> U/euf/b/n on input line 106.
)
(/usr/local/texlive/2018/texmf-dist/tex/latex/amsfonts/amssymb.sty
Package: amssymb 2013/01/14 v3.01 AMS font symbols
)
(/usr/local/texlive/2018/texmf-dist/tex/latex/booktabs/booktabs.sty
Package: booktabs 2016/04/27 v1.618033 publication quality tables
\heavyrulewidth=\dimen112
\lightrulewidth=\dimen113
\cmidrulewidth=\dimen114
\belowrulesep=\dimen115
\belowbottomsep=\dimen116
\aboverulesep=\dimen117
\abovetopsep=\dimen118
\cmidrulesep=\dimen119
\cmidrulekern=\dimen120
\defaultaddspace=\dimen121
\@cmidla=\count100
\@cmidlb=\count101
\@aboverulesep=\dimen122
\@belowrulesep=\dimen123
\@thisruleclass=\count102
\@lastruleclass=\count103
\@thisrulewidth=\dimen124
)
(/usr/local/texlive/2018/texmf-dist/tex/generic/german/german.sty
v2.5e 1998-07-08
Package: german 1998/07/08 v2.5e Support for writing german texts (br)
\grmnU@D=\dimen125
german -- \language number for Austrian undefined, default 32 used.
)
(/usr/local/texlive/2018/texmf-dist/tex/latex/tools/longtable.sty
Package: longtable 2014/10/28 v4.11 Multi-page Table package (DPC)
\LTleft=\skip46
\LTright=\skip47
\LTpre=\skip48
\LTpost=\skip49
\LTchunksize=\count104
\LTcapwidth=\dimen126
\LT@head=\box28
\LT@firsthead=\box29
\LT@foot=\box30
\LT@lastfoot=\box31
\LT@cols=\count105
\LT@rows=\count106
\c@LT@tables=\count107
\c@LT@chunks=\count108
\LT@p@ftn=\toks21
)
(./empfänger.aux)
\openout1 = `empfänger.aux'.

LaTeX Font Info:    Checking defaults for OML/cmm/m/it on input line 10.
LaTeX Font Info:    ... okay on input line 10.
LaTeX Font Info:    Checking defaults for T1/cmr/m/n on input line 10.
LaTeX Font Info:    ... okay on input line 10.
LaTeX Font Info:    Checking defaults for OT1/cmr/m/n on input line 10.
LaTeX Font Info:    ... okay on input line 10.
LaTeX Font Info:    Checking defaults for OMS/cmsy/m/n on input line 10.
LaTeX Font Info:    ... okay on input line 10.
LaTeX Font Info:    Checking defaults for OMX/cmex/m/n on input line 10.
LaTeX Font Info:    ... okay on input line 10.
LaTeX Font Info:    Checking defaults for U/cmr/m/n on input line 10.
LaTeX Font Info:    ... okay on input line 10.

Underfull \vbox (badness 10000) detected at line 37
 []


Overfull \hbox (19.7784pt too wide) in alignment at lines 37--57
 [] [] [] [] [] [] 
 []


Overfull \hbox (27.77835pt too wide) in alignment at lines 57--77
 [] [] [] [] [] [] 
 []

[1

{/usr/local/texlive/2018/texmf-var/fonts/map/pdftex/updmap/pdftex.map}]
Overfull \hbox (60.73677pt too wide) in alignment at lines 77--97
 [] [] [] [] [] [] 
 []

[2]
Overfull \hbox (60.73677pt too wide) in alignment at lines 97--117
 [] [] [] [] [] [] 
 []


Overfull \hbox (60.73677pt too wide) in alignment at lines 117--137
 [] [] [] [] [] [] 
 []

[3]
Overfull \hbox (67.07016pt too wide) in alignment at lines 137--157
 [] [] [] [] [] [] 
 []

[4]
Overfull \hbox (67.07016pt too wide) in alignment at lines 157--177
 [] [] [] [] [] [] 
 []


Overfull \hbox (67.20906pt too wide) in alignment at lines 177--197
 [] [] [] [] [] [] 
 []

[5]
Overfull \hbox (67.20906pt too wide) in alignment at lines 197--217
 [] [] [] [] [] [] 
 []

[6]
Overfull \hbox (67.20906pt too wide) in alignment at lines 217--237
 [] [] [] [] [] [] 
 []


Overfull \hbox (67.20906pt too wide) in alignment at lines 237--257
 [] [] [] [] [] [] 
 []

[7]
Overfull \hbox (67.20906pt too wide) in alignment at lines 257--277
 [] [] [] [] [] [] 
 []

[8]
Overfull \hbox (67.20906pt too wide) in alignment at lines 277--297
 [] [] [] [] [] [] 
 []

[9]
Overfull \hbox (72.05629pt too wide) in alignment at lines 297--317
 [] [] [] [] [] [] 
 []


Overfull \hbox (72.05629pt too wide) in alignment at lines 317--337
 [] [] [] [] [] [] 
 []

[10]
Overfull \hbox (72.05629pt too wide) in alignment at lines 337--357
 [] [] [] [] [] [] 
 []

[11]
Overfull \hbox (72.05629pt too wide) in alignment at lines 357--377
 [] [] [] [] [] [] 
 []


Overfull \hbox (72.05629pt too wide) in alignment at lines 377--397
 [] [] [] [] [] [] 
 []

[12]
Overfull \hbox (72.05629pt too wide) in alignment at lines 397--417
 [] [] [] [] [] [] 
 []

[13]
Overfull \hbox (72.05629pt too wide) in alignment at lines 417--437
 [] [] [] [] [] [] 
 []


Overfull \hbox (72.05629pt too wide) in alignment at lines 437--457
 [] [] [] [] [] [] 
 []

[14]
Overfull \hbox (75.1674pt too wide) in alignment at lines 457--477
 [] [] [] [] [] [] 
 []

[15]
Overfull \hbox (75.1674pt too wide) in alignment at lines 477--497
 [] [] [] [] [] [] 
 []


Overfull \hbox (75.1674pt too wide) in alignment at lines 497--517
 [] [] [] [] [] [] 
 []

[16]
Overfull \hbox (100.73688pt too wide) in alignment at lines 517--537
 [] [] [] [] [] [] 
 []

[17]
Overfull \hbox (100.73688pt too wide) in alignment at lines 537--557
 [] [] [] [] [] [] 
 []


Overfull \hbox (123.09811pt too wide) in alignment at lines 557--577
 [] [] [] [] [] [] 
 []

[18]
Overfull \hbox (123.09811pt too wide) in alignment at lines 577--597
 [] [] [] [] [] [] 
 []

[19]
Overfull \hbox (196.93163pt too wide) in alignment at lines 597--617
 [] [] [] [] [] [] 
 []

[20]
Overfull \hbox (196.93163pt too wide) in alignment at lines 617--637
 [] [] [] [] [] [] 
 []


Overfull \hbox (200.00104pt too wide) in alignment at lines 637--657
 [] [] [] [] [] [] 
 []

[21]
Overfull \hbox (223.32057pt too wide) in alignment at lines 657--677
 [] [] [] [] [] [] 
 []

[22]
Overfull \hbox (223.32057pt too wide) in alignment at lines 677--697
 [] [] [] [] [] [] 
 []


Overfull \hbox (223.32057pt too wide) in alignment at lines 697--717
 [] [] [] [] [] [] 
 []

[23]
Overfull \hbox (223.32057pt too wide) in alignment at lines 717--737
 [] [] [] [] [] [] 
 []

[24]
Overfull \hbox (223.32057pt too wide) in alignment at lines 737--757
 [] [] [] [] [] [] 
 []


Overfull \hbox (223.32057pt too wide) in alignment at lines 757--777
 [] [] [] [] [] [] 
 []

[25]
Overfull \hbox (223.32057pt too wide) in alignment at lines 777--797
 [] [] [] [] [] [] 
 []

[26]
Overfull \hbox (223.32057pt too wide) in alignment at lines 797--817
 [] [] [] [] [] [] 
 []


Overfull \hbox (223.32057pt too wide) in alignment at lines 817--837
 [] [] [] [] [] [] 
 []

[27]
Overfull \hbox (223.32057pt too wide) in alignment at lines 837--857
 [] [] [] [] [] [] 
 []

[28]
Overfull \hbox (223.32057pt too wide) in alignment at lines 857--877
 [] [] [] [] [] [] 
 []

[29]
Overfull \hbox (223.32057pt too wide) in alignment at lines 877--897
 [] [] [] [] [] [] 
 []


Overfull \hbox (223.32057pt too wide) in alignment at lines 897--917
 [] [] [] [] [] [] 
 []

[30]
Overfull \hbox (223.32057pt too wide) in alignment at lines 917--937
 [] [] [] [] [] [] 
 []

[31]
Overfull \hbox (223.32057pt too wide) in alignment at lines 937--957
 [] [] [] [] [] [] 
 []


Overfull \hbox (223.32057pt too wide) in alignment at lines 957--977
 [] [] [] [] [] [] 
 []

[32]
Overfull \hbox (223.32057pt too wide) in alignment at lines 977--997
 [] [] [] [] [] [] 
 []

[33]
Overfull \hbox (223.32057pt too wide) in alignment at lines 997--1017
 [] [] [] [] [] [] 
 []


Overfull \hbox (223.32057pt too wide) in alignment at lines 1017--1037
 [] [] [] [] [] [] 
 []

[34]
Overfull \hbox (223.32057pt too wide) in alignment at lines 1037--1057
 [] [] [] [] [] [] 
 []

[35]
Overfull \hbox (223.32057pt too wide) in alignment at lines 1057--1077
 [] [] [] [] [] [] 
 []


Overfull \hbox (223.32057pt too wide) in alignment at lines 1077--1097
 [] [] [] [] [] [] 
 []

[36]
Overfull \hbox (223.32057pt too wide) in alignment at lines 1097--1117
 [] [] [] [] [] [] 
 []

[37]
Overfull \hbox (223.32057pt too wide) in alignment at lines 1117--1137
 [] [] [] [] [] [] 
 []


Overfull \hbox (223.32057pt too wide) in alignment at lines 1137--1157
 [] [] [] [] [] [] 
 []

[38]
Overfull \hbox (223.32057pt too wide) in alignment at lines 1157--1177
 [] [] [] [] [] [] 
 []

[39]
Overfull \hbox (223.32057pt too wide) in alignment at lines 1177--1197
 [] [] [] [] [] [] 
 []

[40]
Overfull \hbox (223.32057pt too wide) in alignment at lines 1197--1217
 [] [] [] [] [] [] 
 []


Overfull \hbox (223.32057pt too wide) in alignment at lines 1217--1237
 [] [] [] [] [] [] 
 []

[41]
Overfull \hbox (223.32057pt too wide) in alignment at lines 1237--1257
 [] [] [] [] [] [] 
 []

[42]
Overfull \hbox (223.32057pt too wide) in alignment at lines 1257--1277
 [] [] [] [] [] [] 
 []


Overfull \hbox (223.32057pt too wide) in alignment at lines 1277--1297
 [] [] [] [] [] [] 
 []

[43]
Overfull \hbox (223.32057pt too wide) in alignment at lines 1297--1317
 [] [] [] [] [] [] 
 []

[44]
Overfull \hbox (223.32057pt too wide) in alignment at lines 1317--1337
 [] [] [] [] [] [] 
 []


Overfull \hbox (223.32057pt too wide) in alignment at lines 1337--1357
 [] [] [] [] [] [] 
 []

[45]
Overfull \hbox (223.32057pt too wide) in alignment at lines 1357--1377
 [] [] [] [] [] [] 
 []

[46]
Overfull \hbox (223.32057pt too wide) in alignment at lines 1377--1397
 [] [] [] [] [] [] 
 []


Overfull \hbox (223.32057pt too wide) in alignment at lines 1397--1417
 [] [] [] [] [] [] 
 []

[47]
Overfull \hbox (223.32057pt too wide) in alignment at lines 1417--1437
 [] [] [] [] [] [] 
 []

[48]
Overfull \hbox (223.32057pt too wide) in alignment at lines 1437--1457
 [] [] [] [] [] [] 
 []

[49]
Overfull \hbox (223.32057pt too wide) in alignment at lines 1457--1477
 [] [] [] [] [] [] 
 []


Overfull \hbox (223.32057pt too wide) in alignment at lines 1477--1497
 [] [] [] [] [] [] 
 []

[50]
Overfull \hbox (223.32057pt too wide) in alignment at lines 1497--1517
 [] [] [] [] [] [] 
 []

[51]
Overfull \hbox (253.70947pt too wide) in alignment at lines 1517--1537
 [] [] [] [] [] [] 
 []


Overfull \hbox (253.70947pt too wide) in alignment at lines 1537--1557
 [] [] [] [] [] [] 
 []

[52]
Overfull \hbox (253.70947pt too wide) in alignment at lines 1557--1577
 [] [] [] [] [] [] 
 []

[53]
Overfull \hbox (253.70947pt too wide) in alignment at lines 1577--1597
 [] [] [] [] [] [] 
 []


Overfull \hbox (253.70947pt too wide) in alignment at lines 1597--1617
 [] [] [] [] [] [] 
 []

[54]
Overfull \hbox (253.70947pt too wide) in alignment at lines 1617--1637
 [] [] [] [] [] [] 
 []

[55]
Overfull \hbox (253.70947pt too wide) in alignment at lines 1637--1657
 [] [] [] [] [] [] 
 []


Overfull \hbox (253.70947pt too wide) in alignment at lines 1657--1677
 [] [] [] [] [] [] 
 []

[56]
Overfull \hbox (253.70947pt too wide) in alignment at lines 1677--1697
 [] [] [] [] [] [] 
 []

[57]
Overfull \hbox (253.70947pt too wide) in alignment at lines 1697--1717
 [] [] [] [] [] [] 
 []


Overfull \hbox (253.70947pt too wide) in alignment at lines 1717--1737
 [] [] [] [] [] [] 
 []

[58]
Overfull \hbox (253.70947pt too wide) in alignment at lines 1737--1757
 [] [] [] [] [] [] 
 []

[59]
Overfull \hbox (253.70947pt too wide) in alignment at lines 1757--1777
 [] [] [] [] [] [] 
 []

[60]
Overfull \hbox (253.70947pt too wide) in alignment at lines 1777--1797
 [] [] [] [] [] [] 
 []


Overfull \hbox (253.70947pt too wide) in alignment at lines 1797--1817
 [] [] [] [] [] [] 
 []

[61]
Overfull \hbox (253.70947pt too wide) in alignment at lines 1817--1837
 [] [] [] [] [] [] 
 []

[62]
Overfull \hbox (253.70947pt too wide) in alignment at lines 1837--1857
 [] [] [] [] [] [] 
 []


Overfull \hbox (253.70947pt too wide) in alignment at lines 1857--1877
 [] [] [] [] [] [] 
 []

[63]
Overfull \hbox (253.70947pt too wide) in alignment at lines 1877--1897
 [] [] [] [] [] [] 
 []

[64]
Overfull \hbox (253.70947pt too wide) in alignment at lines 1897--1917
 [] [] [] [] [] [] 
 []


Overfull \hbox (253.70947pt too wide) in alignment at lines 1917--1937
 [] [] [] [] [] [] 
 []

[65]
Overfull \hbox (253.70947pt too wide) in alignment at lines 1937--1957
 [] [] [] [] [] [] 
 []

[66]
Overfull \hbox (253.70947pt too wide) in alignment at lines 1957--1977
 [] [] [] [] [] [] 
 []


Overfull \hbox (253.70947pt too wide) in alignment at lines 1977--1997
 [] [] [] [] [] [] 
 []

[67]
Overfull \hbox (253.70947pt too wide) in alignment at lines 1997--2017
 [] [] [] [] [] [] 
 []

[68]
Overfull \hbox (253.70947pt too wide) in alignment at lines 2017--2037
 [] [] [] [] [] [] 
 []

[69]
Overfull \hbox (253.70947pt too wide) in alignment at lines 2037--2057
 [] [] [] [] [] [] 
 []


Overfull \hbox (253.70947pt too wide) in alignment at lines 2057--2077
 [] [] [] [] [] [] 
 []

[70]
Overfull \hbox (253.70947pt too wide) in alignment at lines 2077--2097
 [] [] [] [] [] [] 
 []

[71]
Overfull \hbox (255.15382pt too wide) in alignment at lines 2097--2117
 [] [] [] [] [] [] 
 []


Overfull \hbox (255.15382pt too wide) in alignment at lines 2117--2137
 [] [] [] [] [] [] 
 []

[72]
Overfull \hbox (255.15382pt too wide) in alignment at lines 2137--2157
 [] [] [] [] [] [] 
 []

[73]
Overfull \hbox (255.15382pt too wide) in alignment at lines 2157--2177
 [] [] [] [] [] [] 
 []


Overfull \hbox (255.15382pt too wide) in alignment at lines 2177--2197
 [] [] [] [] [] [] 
 []

[74]
Overfull \hbox (255.15382pt too wide) in alignment at lines 2197--2217
 [] [] [] [] [] [] 
 []

[75]
Overfull \hbox (255.15382pt too wide) in alignment at lines 2217--2237
 [] [] [] [] [] [] 
 []


Overfull \hbox (255.15382pt too wide) in alignment at lines 2237--2257
 [] [] [] [] [] [] 
 []

[76]
Overfull \hbox (255.15382pt too wide) in alignment at lines 2257--2277
 [] [] [] [] [] [] 
 []

[77]
Overfull \hbox (255.15382pt too wide) in alignment at lines 2277--2297
 [] [] [] [] [] [] 
 []


Overfull \hbox (255.15382pt too wide) in alignment at lines 2297--2317
 [] [] [] [] [] [] 
 []

[78]
Overfull \hbox (255.15382pt too wide) in alignment at lines 2317--2337
 [] [] [] [] [] [] 
 []

[79]
Overfull \hbox (255.15382pt too wide) in alignment at lines 2337--2357
 [] [] [] [] [] [] 
 []

[80]
Overfull \hbox (255.15382pt too wide) in alignment at lines 2357--2377
 [] [] [] [] [] [] 
 []


Overfull \hbox (255.15382pt too wide) in alignment at lines 2377--2397
 [] [] [] [] [] [] 
 []

[81]
Overfull \hbox (255.15382pt too wide) in alignment at lines 2397--2417
 [] [] [] [] [] [] 
 []

[82]
Overfull \hbox (255.15382pt too wide) in alignment at lines 2417--2437
 [] [] [] [] [] [] 
 []


Overfull \hbox (255.15382pt too wide) in alignment at lines 2437--2457
 [] [] [] [] [] [] 
 []

[83]
Overfull \hbox (255.15382pt too wide) in alignment at lines 2457--2477
 [] [] [] [] [] [] 
 []

[84]
Overfull \hbox (255.15382pt too wide) in alignment at lines 2477--2497
 [] [] [] [] [] [] 
 []


Overfull \hbox (255.15382pt too wide) in alignment at lines 2497--2517
 [] [] [] [] [] [] 
 []

[85]
Overfull \hbox (255.15382pt too wide) in alignment at lines 2517--2537
 [] [] [] [] [] [] 
 []

[86]
Overfull \hbox (255.15382pt too wide) in alignment at lines 2537--2557
 [] [] [] [] [] [] 
 []


Overfull \hbox (255.15382pt too wide) in alignment at lines 2557--2577
 [] [] [] [] [] [] 
 []

[87]
Overfull \hbox (255.15382pt too wide) in alignment at lines 2577--2597
 [] [] [] [] [] [] 
 []

[88]
Overfull \hbox (255.15382pt too wide) in alignment at lines 2597--2617
 [] [] [] [] [] [] 
 []

[89]
Overfull \hbox (255.15382pt too wide) in alignment at lines 2617--2637
 [] [] [] [] [] [] 
 []


Overfull \hbox (255.15382pt too wide) in alignment at lines 2637--2657
 [] [] [] [] [] [] 
 []

[90]
Overfull \hbox (255.15382pt too wide) in alignment at lines 2657--2677
 [] [] [] [] [] [] 
 []

[91]
Overfull \hbox (255.15382pt too wide) in alignment at lines 2677--2697
 [] [] [] [] [] [] 
 []


Overfull \hbox (255.15382pt too wide) in alignment at lines 2697--2717
 [] [] [] [] [] [] 
 []

[92]
Overfull \hbox (255.15382pt too wide) in alignment at lines 2717--2737
 [] [] [] [] [] [] 
 []

[93]
Overfull \hbox (255.15382pt too wide) in alignment at lines 2737--2757
 [] [] [] [] [] [] 
 []


Overfull \hbox (255.15382pt too wide) in alignment at lines 2757--2777
 [] [] [] [] [] [] 
 []

[94]
Overfull \hbox (255.15382pt too wide) in alignment at lines 2777--2797
 [] [] [] [] [] [] 
 []

[95]
Overfull \hbox (255.15382pt too wide) in alignment at lines 2797--2817
 [] [] [] [] [] [] 
 []


Overfull \hbox (255.15382pt too wide) in alignment at lines 2817--2837
 [] [] [] [] [] [] 
 []

[96]
Overfull \hbox (255.15382pt too wide) in alignment at lines 2837--2857
 [] [] [] [] [] [] 
 []

[97]
Overfull \hbox (255.15382pt too wide) in alignment at lines 2857--2877
 [] [] [] [] [] [] 
 []


Overfull \hbox (255.15382pt too wide) in alignment at lines 2877--2897
 [] [] [] [] [] [] 
 []

[98]
Overfull \hbox (255.15382pt too wide) in alignment at lines 2897--2917
 [] [] [] [] [] [] 
 []

[99]
Overfull \hbox (255.15382pt too wide) in alignment at lines 2917--2937
 [] [] [] [] [] [] 
 []

[100]
Overfull \hbox (309.07065pt too wide) in alignment at lines 2937--2957
 [] [] [] [] [] [] 
 []


Overfull \hbox (309.07065pt too wide) in alignment at lines 2957--2977
 [] [] [] [] [] [] 
 []

[101]
Overfull \hbox (309.07065pt too wide) in alignment at lines 2977--2997
 [] [] [] [] [] [] 
 []

[102]
Overfull \hbox (309.07065pt too wide) in alignment at lines 2997--3017
 [] [] [] [] [] [] 
 []


Overfull \hbox (309.07065pt too wide) in alignment at lines 3017--3037
 [] [] [] [] [] [] 
 []

[103]
Overfull \hbox (309.07065pt too wide) in alignment at lines 3037--3057
 [] [] [] [] [] [] 
 []

[104]
Overfull \hbox (309.07065pt too wide) in alignment at lines 3057--3077
 [] [] [] [] [] [] 
 []


Overfull \hbox (309.07065pt too wide) in alignment at lines 3077--3097
 [] [] [] [] [] [] 
 []

[105]
Overfull \hbox (309.07065pt too wide) in alignment at lines 3097--3117
 [] [] [] [] [] [] 
 []

[106]
Overfull \hbox (309.07065pt too wide) in alignment at lines 3117--3137
 [] [] [] [] [] [] 
 []


Overfull \hbox (309.07065pt too wide) in alignment at lines 3137--3157
 [] [] [] [] [] [] 
 []

[107]
Overfull \hbox (309.07065pt too wide) in alignment at lines 3157--3177
 [] [] [] [] [] [] 
 []

[108]
Overfull \hbox (309.07065pt too wide) in alignment at lines 3177--3197
 [] [] [] [] [] [] 
 []

[109]
Overfull \hbox (309.07065pt too wide) in alignment at lines 3197--3217
 [] [] [] [] [] [] 
 []


Overfull \hbox (309.07065pt too wide) in alignment at lines 3217--3237
 [] [] [] [] [] [] 
 []

[110]
Overfull \hbox (309.07065pt too wide) in alignment at lines 3237--3257
 [] [] [] [] [] [] 
 []

[111]
Overfull \hbox (309.07065pt too wide) in alignment at lines 3257--3277
 [] [] [] [] [] [] 
 []


Overfull \hbox (309.07065pt too wide) in alignment at lines 3277--3297
 [] [] [] [] [] [] 
 []

[112]
Overfull \hbox (309.07065pt too wide) in alignment at lines 3297--3317
 [] [] [] [] [] [] 
 []

[113]
Overfull \hbox (309.07065pt too wide) in alignment at lines 3317--3337
 [] [] [] [] [] [] 
 []


Overfull \hbox (309.07065pt too wide) in alignment at lines 3337--3357
 [] [] [] [] [] [] 
 []

[114]
Overfull \hbox (309.07065pt too wide) in alignment at lines 3357--3377
 [] [] [] [] [] [] 
 []

[115]
Overfull \hbox (309.07065pt too wide) in alignment at lines 3377--3397
 [] [] [] [] [] [] 
 []


Overfull \hbox (309.07065pt too wide) in alignment at lines 3397--3417
 [] [] [] [] [] [] 
 []

[116]
Overfull \hbox (309.07065pt too wide) in alignment at lines 3417--3437
 [] [] [] [] [] [] 
 []

[117]
Overfull \hbox (309.07065pt too wide) in alignment at lines 3437--3457
 [] [] [] [] [] [] 
 []


Overfull \hbox (309.07065pt too wide) in alignment at lines 3457--3477
 [] [] [] [] [] [] 
 []

[118]
Overfull \hbox (309.07065pt too wide) in alignment at lines 3477--3497
 [] [] [] [] [] [] 
 []

[119]
Overfull \hbox (309.07065pt too wide) in alignment at lines 3497--3517
 [] [] [] [] [] [] 
 []

[120]
Overfull \hbox (309.07065pt too wide) in alignment at lines 3517--3537
 [] [] [] [] [] [] 
 []


Overfull \hbox (309.07065pt too wide) in alignment at lines 3537--3557
 [] [] [] [] [] [] 
 []

[121]
Overfull \hbox (309.07065pt too wide) in alignment at lines 3557--3577
 [] [] [] [] [] [] 
 []

[122]
Overfull \hbox (309.07065pt too wide) in alignment at lines 3577--3597
 [] [] [] [] [] [] 
 []


Overfull \hbox (309.07065pt too wide) in alignment at lines 3597--3617
 [] [] [] [] [] [] 
 []

[123]
Overfull \hbox (309.07065pt too wide) in alignment at lines 3617--3637
 [] [] [] [] [] [] 
 []

[124]
Overfull \hbox (309.07065pt too wide) in alignment at lines 3637--3657
 [] [] [] [] [] [] 
 []


Overfull \hbox (309.07065pt too wide) in alignment at lines 3657--3677
 [] [] [] [] [] [] 
 []

[125]
Overfull \hbox (309.07065pt too wide) in alignment at lines 3677--3697
 [] [] [] [] [] [] 
 []

[126]
Overfull \hbox (309.07065pt too wide) in alignment at lines 3697--3717
 [] [] [] [] [] [] 
 []


Overfull \hbox (309.07065pt too wide) in alignment at lines 3717--3737
 [] [] [] [] [] [] 
 []

[127]
Overfull \hbox (309.07065pt too wide) in alignment at lines 3737--3757
 [] [] [] [] [] [] 
 []

[128]
Overfull \hbox (309.07065pt too wide) in alignment at lines 3757--3777
 [] [] [] [] [] [] 
 []

[129]
Overfull \hbox (309.07065pt too wide) in alignment at lines 3777--3797
 [] [] [] [] [] [] 
 []


Overfull \hbox (309.07065pt too wide) in alignment at lines 3797--3817
 [] [] [] [] [] [] 
 []

[130]
Overfull \hbox (309.07065pt too wide) in alignment at lines 3817--3837
 [] [] [] [] [] [] 
 []

[131]
Overfull \hbox (309.07065pt too wide) in alignment at lines 3837--3857
 [] [] [] [] [] [] 
 []


Overfull \hbox (309.07065pt too wide) in alignment at lines 3857--3877
 [] [] [] [] [] [] 
 []

[132]
Overfull \hbox (309.07065pt too wide) in alignment at lines 3877--3897
 [] [] [] [] [] [] 
 []

[133]
Overfull \hbox (309.07065pt too wide) in alignment at lines 3897--3917
 [] [] [] [] [] [] 
 []


Overfull \hbox (309.07065pt too wide) in alignment at lines 3917--3937
 [] [] [] [] [] [] 
 []

[134]
Overfull \hbox (309.07065pt too wide) in alignment at lines 3937--3957
 [] [] [] [] [] [] 
 []

[135]
Overfull \hbox (309.07065pt too wide) in alignment at lines 3957--3977
 [] [] [] [] [] [] 
 []


Overfull \hbox (309.07065pt too wide) in alignment at lines 3977--3997
 [] [] [] [] [] [] 
 []

[136]
Overfull \hbox (309.07065pt too wide) in alignment at lines 3997--4017
 [] [] [] [] [] [] 
 []

[137]
Overfull \hbox (309.07065pt too wide) in alignment at lines 4017--4037
 [] [] [] [] [] [] 
 []


Overfull \hbox (309.07065pt too wide) in alignment at lines 4037--4057
 [] [] [] [] [] [] 
 []

[138]
Overfull \hbox (309.07065pt too wide) in alignment at lines 4057--4077
 [] [] [] [] [] [] 
 []

[139]
Overfull \hbox (309.07065pt too wide) in alignment at lines 4077--4097
 [] [] [] [] [] [] 
 []

[140]
Overfull \hbox (309.07065pt too wide) in alignment at lines 4097--4117
 [] [] [] [] [] [] 
 []


Overfull \hbox (309.07065pt too wide) in alignment at lines 4117--4137
 [] [] [] [] [] [] 
 []

[141]
Overfull \hbox (309.07065pt too wide) in alignment at lines 4137--4157
 [] [] [] [] [] [] 
 []

[142]
Overfull \hbox (309.07065pt too wide) in alignment at lines 4157--4177
 [] [] [] [] [] [] 
 []


Overfull \hbox (309.07065pt too wide) in alignment at lines 4177--4197
 [] [] [] [] [] [] 
 []

[143]
Overfull \hbox (309.07065pt too wide) in alignment at lines 4197--4217
 [] [] [] [] [] [] 
 []

[144]
Overfull \hbox (309.07065pt too wide) in alignment at lines 4217--4237
 [] [] [] [] [] [] 
 []


Overfull \hbox (309.07065pt too wide) in alignment at lines 4237--4257
 [] [] [] [] [] [] 
 []

[145]
Overfull \hbox (309.07065pt too wide) in alignment at lines 4257--4277
 [] [] [] [] [] [] 
 []

[146]
Overfull \hbox (309.07065pt too wide) in alignment at lines 4277--4297
 [] [] [] [] [] [] 
 []


Overfull \hbox (309.07065pt too wide) in alignment at lines 4297--4317
 [] [] [] [] [] [] 
 []

[147]
Overfull \hbox (309.07065pt too wide) in alignment at lines 4317--4337
 [] [] [] [] [] [] 
 []

[148]
Overfull \hbox (309.07065pt too wide) in alignment at lines 4337--4357
 [] [] [] [] [] [] 
 []

[149]
Overfull \hbox (309.07065pt too wide) in alignment at lines 4357--4377
 [] [] [] [] [] [] 
 []


Overfull \hbox (309.07065pt too wide) in alignment at lines 4377--4397
 [] [] [] [] [] [] 
 []

[150]
Overfull \hbox (309.07065pt too wide) in alignment at lines 4397--4417
 [] [] [] [] [] [] 
 []

[151]
Overfull \hbox (309.07065pt too wide) in alignment at lines 4417--4437
 [] [] [] [] [] [] 
 []


Overfull \hbox (309.07065pt too wide) in alignment at lines 4437--4457
 [] [] [] [] [] [] 
 []

[152]
Overfull \hbox (309.07065pt too wide) in alignment at lines 4457--4477
 [] [] [] [] [] [] 
 []

[153]
Overfull \hbox (309.07065pt too wide) in alignment at lines 4477--4497
 [] [] [] [] [] [] 
 []


Overfull \hbox (309.07065pt too wide) in alignment at lines 4497--4517
 [] [] [] [] [] [] 
 []

[154]
Overfull \hbox (309.07065pt too wide) in alignment at lines 4517--4537
 [] [] [] [] [] [] 
 []

[155]
Overfull \hbox (309.07065pt too wide) in alignment at lines 4537--4557
 [] [] [] [] [] [] 
 []


Overfull \hbox (309.07065pt too wide) in alignment at lines 4557--4577
 [] [] [] [] [] [] 
 []

[156]
Overfull \hbox (309.07065pt too wide) in alignment at lines 4577--4597
 [] [] [] [] [] [] 
 []

[157]
Overfull \hbox (309.07065pt too wide) in alignment at lines 4597--4617
 [] [] [] [] [] [] 
 []


Overfull \hbox (309.07065pt too wide) in alignment at lines 4617--4637
 [] [] [] [] [] [] 
 []

[158]
Overfull \hbox (309.07065pt too wide) in alignment at lines 4637--4651
 [] [] [] [] [] [] 
 []

[159]

Package longtable Warning: Column widths have changed
(longtable)                in table 1 on input line 4651.


Package longtable Warning: Table widths have changed. Rerun LaTeX.

[160] (./empfänger.aux) ) 
Here is how much of TeX's memory you used:
 1418 strings out of 492649
 16193 string characters out of 6129623
 95846 words of memory out of 5000000
 5349 multiletter control sequences out of 15000+600000
 3640 words of font info for 14 fonts, out of 8000000 for 9000
 1141 hyphenation exceptions out of 8191
 27i,4n,25p,228b,211s stack positions out of 5000i,500n,10000p,200000b,80000s
</usr/local/texlive/2018/texmf-dist/fonts/type1/publ
ic/amsfonts/cm/cmr10.pfb>
Output written on empfänger.pdf (160 pages, 208494 bytes).
PDF statistics:
 524 PDF objects out of 1000 (max. 8388607)
 357 compressed objects within 4 object streams
 0 named destinations out of 1000 (max. 500000)
 1 words of extra memory for PDF output out of 10000 (max. 10000000)

