\BOOKMARK [1][-]{section.1}{Anforderungsspezifikation}{}% 1
\BOOKMARK [2][-]{subsection.1.1}{IST-Zustand}{section.1}% 2
\BOOKMARK [3][-]{subsubsection.1.1.1}{Schema der Karteikarten}{subsection.1.1}% 3
\BOOKMARK [3][-]{subsubsection.1.1.2}{Schemata nach OCR}{subsection.1.1}% 4
\BOOKMARK [2][-]{subsection.1.2}{SOLL-Zustand}{section.1}% 5
\BOOKMARK [3][-]{subsubsection.1.2.1}{Schema der Daten}{subsection.1.2}% 6
\BOOKMARK [2][-]{subsection.1.3}{Anforderungsanalyse}{section.1}% 7
\BOOKMARK [3][-]{subsubsection.1.3.1}{Anwendungsf\344lle \(User Stories\)}{subsection.1.3}% 8
\BOOKMARK [3][-]{subsubsection.1.3.2}{Funktionale Anforderungen}{subsection.1.3}% 9
\BOOKMARK [1][-]{section.2}{Implementation}{}% 10
\BOOKMARK [2][-]{subsection.2.1}{Datenextraktion}{section.2}% 11
\BOOKMARK [3][-]{subsubsection.2.1.1}{Karteikartengr\366sse}{subsection.2.1}% 12
\BOOKMARK [3][-]{subsubsection.2.1.2}{Datenfelder}{subsection.2.1}% 13
\BOOKMARK [3][-]{subsubsection.2.1.3}{OCR-Text}{subsection.2.1}% 14
\BOOKMARK [3][-]{subsubsection.2.1.4}{OCR-Attribute}{subsection.2.1}% 15
\BOOKMARK [3][-]{subsubsection.2.1.5}{Algorithmus}{subsection.2.1}% 16
\BOOKMARK [1][-]{appendix.A}{Anhang}{}% 17
\BOOKMARK [2][-]{subsection.A.1}{Python Code}{appendix.A}% 18
\BOOKMARK [3][-]{subsubsection.A.1.1}{LaTeX-Compiler}{subsection.A.1}% 19
\BOOKMARK [3][-]{subsubsection.A.1.2}{XML-Analysen}{subsection.A.1}% 20
\BOOKMARK [2][-]{subsection.A.2}{Screenshots}{appendix.A}% 21
\BOOKMARK [3][-]{subsubsection.A.2.1}{Karteikarte \(Original\)}{subsection.A.2}% 22
\BOOKMARK [3][-]{subsubsection.A.2.2}{Karteikarte \(Spezialfall\)}{subsection.A.2}% 23
\BOOKMARK [2][-]{subsection.A.3}{OCR-Output}{appendix.A}% 24
\BOOKMARK [3][-]{subsubsection.A.3.1}{Version 1}{subsection.A.3}% 25
\BOOKMARK [3][-]{subsubsection.A.3.2}{Version 2}{subsection.A.3}% 26
\BOOKMARK [3][-]{subsubsection.A.3.3}{Element Frequenzen Statistik}{subsection.A.3}% 27
